> 
> 
> # library(knitr)
> library(sf)
> library(raster)
> # library(dplyr)
> # library(leaflet)
> library(caret)
> library(ranger)
> library(snowfall)
> library(doParallel)
> 
> task_params<-list(
+   taxon_name="Hamatocaulis vernicosus",
+   includes_absence=FALSE,
+   pseudoabsence_count=161,
+   epsg=4326,
+   area_type="cr",
+   area_buffer=3000)
> 
> grids.path<-"/home/mman/czechgrids" # where are the data
> grids.path1<-"/home/mman/czechgrids_local"
> 
> source("/home/mman/czechgrids_local/R_outputs/secret.R")
> 
> message("species data established")
> 
> crs=as.numeric(task_params$epsg)
> body<-sf::st_as_sf(dali, coords = c("longitude", "latitude"), crs = crs ) # convert csv to spatial sf object
